EDA Netlist Writer report for Simulacion
Tue Sep 07 12:38:55 2021
Quartus Prime Version 18.1.0 Build 625 09/12/2018 SJ Lite Edition


---------------------
; Table of Contents ;
---------------------
  1. Legal Notice
  2. EDA Netlist Writer Summary
  3. Simulation Settings
  4. Simulation Generated Files
  5. EDA Netlist Writer Messages



----------------
; Legal Notice ;
----------------
Copyright (C) 2018  Intel Corporation. All rights reserved.
Your use of Intel Corporation's design tools, logic functions 
and other software and tools, and its AMPP partner logic 
functions, and any output files from any of the foregoing 
(including device programming or simulation files), and any 
associated documentation or information are expressly subject 
to the terms and conditions of the Intel Program License 
Subscription Agreement, the Intel Quartus Prime License Agreement,
the Intel FPGA IP License Agreement, or other applicable license
agreement, including, without limitation, that your use is for
the sole purpose of programming logic devices manufactured by
Intel and sold by Intel or its authorized distributors.  Please
refer to the applicable agreement for further details.



+-------------------------------------------------------------------+
; EDA Netlist Writer Summary                                        ;
+---------------------------+---------------------------------------+
; EDA Netlist Writer Status ; Successful - Tue Sep 07 12:38:55 2021 ;
; Revision Name             ; Simulacion                            ;
; Top-level Entity Name     ; Simulacion                            ;
; Family                    ; Cyclone IV E                          ;
; Simulation Files Creation ; Successful                            ;
+---------------------------+---------------------------------------+


+----------------------------------------------------------------------------------------------------------------------------+
; Simulation Settings                                                                                                        ;
+---------------------------------------------------------------------------------------------------+------------------------+
; Option                                                                                            ; Setting                ;
+---------------------------------------------------------------------------------------------------+------------------------+
; Tool Name                                                                                         ; ModelSim-Altera (VHDL) ;
; Generate functional simulation netlist                                                            ; Off                    ;
; Time scale                                                                                        ; 1 ps                   ;
; Truncate long hierarchy paths                                                                     ; Off                    ;
; Map illegal HDL characters                                                                        ; Off                    ;
; Flatten buses into individual nodes                                                               ; Off                    ;
; Maintain hierarchy                                                                                ; Off                    ;
; Bring out device-wide set/reset signals as ports                                                  ; Off                    ;
; Enable glitch filtering                                                                           ; Off                    ;
; Do not write top level VHDL entity                                                                ; Off                    ;
; Disable detection of setup and hold time violations in the input registers of bi-directional pins ; Off                    ;
; Architecture name in VHDL output netlist                                                          ; structure              ;
; Generate third-party EDA tool command script for RTL functional simulation                        ; Off                    ;
; Generate third-party EDA tool command script for gate-level simulation                            ; Off                    ;
+---------------------------------------------------------------------------------------------------+------------------------+


+-------------------------------------------------------------------------------------------------+
; Simulation Generated Files                                                                      ;
+-------------------------------------------------------------------------------------------------+
; Generated Files                                                                                 ;
+-------------------------------------------------------------------------------------------------+
; C:/Users/rocco/Documents/Simulacion/simulation/modelsim/Simulacion_7_1200mv_125c_slow.vho       ;
; C:/Users/rocco/Documents/Simulacion/simulation/modelsim/Simulacion_7_1200mv_-40c_slow.vho       ;
; C:/Users/rocco/Documents/Simulacion/simulation/modelsim/Simulacion_min_1200mv_-40c_fast.vho     ;
; C:/Users/rocco/Documents/Simulacion/simulation/modelsim/Simulacion.vho                          ;
; C:/Users/rocco/Documents/Simulacion/simulation/modelsim/Simulacion_7_1200mv_125c_vhd_slow.sdo   ;
; C:/Users/rocco/Documents/Simulacion/simulation/modelsim/Simulacion_7_1200mv_-40c_vhd_slow.sdo   ;
; C:/Users/rocco/Documents/Simulacion/simulation/modelsim/Simulacion_min_1200mv_-40c_vhd_fast.sdo ;
; C:/Users/rocco/Documents/Simulacion/simulation/modelsim/Simulacion_vhd.sdo                      ;
+-------------------------------------------------------------------------------------------------+


+-----------------------------+
; EDA Netlist Writer Messages ;
+-----------------------------+
Info: *******************************************************************
Info: Running Quartus Prime EDA Netlist Writer
    Info: Version 18.1.0 Build 625 09/12/2018 SJ Lite Edition
    Info: Processing started: Tue Sep 07 12:38:52 2021
Info: Command: quartus_eda --read_settings_files=off --write_settings_files=off Simulacion -c Simulacion
Warning (18236): Number of processors has not been specified which may cause overloading on shared machines.  Set the global assignment NUM_PARALLEL_PROCESSORS in your QSF to an appropriate value for best performance.
Info (204019): Generated file Simulacion_7_1200mv_125c_slow.vho in folder "C:/Users/rocco/Documents/Simulacion/simulation/modelsim/" for EDA simulation tool
Info (204019): Generated file Simulacion_7_1200mv_-40c_slow.vho in folder "C:/Users/rocco/Documents/Simulacion/simulation/modelsim/" for EDA simulation tool
Info (204019): Generated file Simulacion_min_1200mv_-40c_fast.vho in folder "C:/Users/rocco/Documents/Simulacion/simulation/modelsim/" for EDA simulation tool
Info (204019): Generated file Simulacion.vho in folder "C:/Users/rocco/Documents/Simulacion/simulation/modelsim/" for EDA simulation tool
Info (204019): Generated file Simulacion_7_1200mv_125c_vhd_slow.sdo in folder "C:/Users/rocco/Documents/Simulacion/simulation/modelsim/" for EDA simulation tool
Info (204019): Generated file Simulacion_7_1200mv_-40c_vhd_slow.sdo in folder "C:/Users/rocco/Documents/Simulacion/simulation/modelsim/" for EDA simulation tool
Info (204019): Generated file Simulacion_min_1200mv_-40c_vhd_fast.sdo in folder "C:/Users/rocco/Documents/Simulacion/simulation/modelsim/" for EDA simulation tool
Info (204019): Generated file Simulacion_vhd.sdo in folder "C:/Users/rocco/Documents/Simulacion/simulation/modelsim/" for EDA simulation tool
Info: Quartus Prime EDA Netlist Writer was successful. 0 errors, 1 warning
    Info: Peak virtual memory: 4634 megabytes
    Info: Processing ended: Tue Sep 07 12:38:55 2021
    Info: Elapsed time: 00:00:03
    Info: Total CPU time (on all processors): 00:00:02


